nohup: ignoring input

  .   ____          _            __ _ _
 /\\ / ___'_ __ _ _(_)_ __  __ _ \ \ \ \
( ( )\___ | '_ | '_| | '_ \/ _` | \ \ \ \
 \\/  ___)| |_)| | | | | || (_| |  ) ) ) )
  '  |____| .__|_| |_|_| |_\__, | / / / /
 =========|_|==============|___/=/_/_/_/
 :: Spring Boot ::               (v2.7.18)

2025-10-21 00:45:22.164  INFO 1084167 --- [           main] com.voicetotrace.Application             : Starting Application v1.0.0-SNAPSHOT using Java 11.0.19 on tahay with PID 1084167 (/home/tahay/Tech/Project/Dew/iTrade/bootcamp/backend/voice-to-trace-service/target/voice-to-trace-service-1.0.0-SNAPSHOT.jar started by tahay in /home/tahay/Tech/Project/Dew/iTrade/bootcamp/backend/voice-to-trace-service)
2025-10-21 00:45:22.186  INFO 1084167 --- [           main] com.voicetotrace.Application             : No active profile set, falling back to 1 default profile: "default"
2025-10-21 00:45:26.436  INFO 1084167 --- [           main] .s.d.r.c.RepositoryConfigurationDelegate : Bootstrapping Spring Data MongoDB repositories in DEFAULT mode.
2025-10-21 00:45:26.965  INFO 1084167 --- [           main] .s.d.r.c.RepositoryConfigurationDelegate : Finished Spring Data repository scanning in 467 ms. Found 1 MongoDB repository interfaces.
2025-10-21 00:45:29.794  INFO 1084167 --- [           main] o.s.b.w.embedded.tomcat.TomcatWebServer  : Tomcat initialized with port(s): 8081 (http)
2025-10-21 00:45:29.821  INFO 1084167 --- [           main] o.apache.catalina.core.StandardService   : Starting service [Tomcat]
2025-10-21 00:45:29.822  INFO 1084167 --- [           main] org.apache.catalina.core.StandardEngine  : Starting Servlet engine: [Apache Tomcat/9.0.83]
2025-10-21 00:45:30.088  INFO 1084167 --- [           main] o.a.c.c.C.[Tomcat].[localhost].[/]       : Initializing Spring embedded WebApplicationContext
2025-10-21 00:45:30.089  INFO 1084167 --- [           main] w.s.c.ServletWebServerApplicationContext : Root WebApplicationContext: initialization completed in 6993 ms
2025-10-21 00:45:30.747  INFO 1084167 --- [           main] org.mongodb.driver.client                : MongoClient with metadata {"driver": {"name": "mongo-java-driver|sync|spring-boot", "version": "4.6.1"}, "os": {"type": "Linux", "name": "Linux", "architecture": "amd64", "version": "5.4.0-91-generic"}, "platform": "Java/Ubuntu/11.0.19+7-post-Ubuntu-0ubuntu120.04.1"} created with settings MongoClientSettings{readPreference=primary, writeConcern=WriteConcern{w=null, wTimeout=null ms, journal=null}, retryWrites=true, retryReads=true, readConcern=ReadConcern{level=null}, credential=null, streamFactoryFactory=null, commandListeners=[], codecRegistry=ProvidersCodecRegistry{codecProviders=[ValueCodecProvider{}, BsonValueCodecProvider{}, DBRefCodecProvider{}, DBObjectCodecProvider{}, DocumentCodecProvider{}, IterableCodecProvider{}, MapCodecProvider{}, GeoJsonCodecProvider{}, GridFSFileCodecProvider{}, Jsr310CodecProvider{}, JsonObjectCodecProvider{}, BsonCodecProvider{}, EnumCodecProvider{}, com.mongodb.Jep395RecordCodecProvider@2c7b5824]}, clusterSettings={hosts=[localhost:27017], srvServiceName=mongodb, mode=SINGLE, requiredClusterType=UNKNOWN, requiredReplicaSetName='null', serverSelector='null', clusterListeners='[]', serverSelectionTimeout='30000 ms', localThreshold='30000 ms'}, socketSettings=SocketSettings{connectTimeoutMS=10000, readTimeoutMS=0, receiveBufferSize=0, sendBufferSize=0}, heartbeatSocketSettings=SocketSettings{connectTimeoutMS=10000, readTimeoutMS=10000, receiveBufferSize=0, sendBufferSize=0}, connectionPoolSettings=ConnectionPoolSettings{maxSize=100, minSize=0, maxWaitTimeMS=120000, maxConnectionLifeTimeMS=0, maxConnectionIdleTimeMS=0, maintenanceInitialDelayMS=0, maintenanceFrequencyMS=60000, connectionPoolListeners=[], maxConnecting=2}, serverSettings=ServerSettings{heartbeatFrequencyMS=10000, minHeartbeatFrequencyMS=500, serverListeners='[]', serverMonitorListeners='[]'}, sslSettings=SslSettings{enabled=false, invalidHostNameAllowed=false, context=null}, applicationName='null', compressorList=[], uuidRepresentation=JAVA_LEGACY, serverApi=null, autoEncryptionSettings=null, contextProvider=null}
2025-10-21 00:45:30.816  INFO 1084167 --- [localhost:27017] org.mongodb.driver.connection            : Opened connection [connectionId{localValue:1, serverValue:34}] to localhost:27017
2025-10-21 00:45:30.820  INFO 1084167 --- [localhost:27017] org.mongodb.driver.connection            : Opened connection [connectionId{localValue:2, serverValue:35}] to localhost:27017
2025-10-21 00:45:30.822  INFO 1084167 --- [localhost:27017] org.mongodb.driver.cluster               : Monitor thread successfully connected to server with description ServerDescription{address=localhost:27017, type=STANDALONE, state=CONNECTED, ok=true, minWireVersion=0, maxWireVersion=6, maxDocumentSize=16777216, logicalSessionTimeoutMinutes=30, roundTripTimeNanos=87604729}
2025-10-21 00:45:33.035  INFO 1084167 --- [           main] o.s.s.web.DefaultSecurityFilterChain     : Will secure any request with [org.springframework.security.web.session.DisableEncodeUrlFilter@36dce7ed, org.springframework.security.web.context.request.async.WebAsyncManagerIntegrationFilter@47a64f7d, org.springframework.security.web.context.SecurityContextPersistenceFilter@71f67a79, org.springframework.security.web.header.HeaderWriterFilter@4b629f13, org.springframework.web.filter.CorsFilter@33d05366, org.springframework.security.web.authentication.logout.LogoutFilter@1494b84d, com.voicetotrace.security.JwtAuthFilter@2d10e0b1, org.springframework.security.web.savedrequest.RequestCacheAwareFilter@62d363ab, org.springframework.security.web.servletapi.SecurityContextHolderAwareRequestFilter@7889a1ac, org.springframework.security.web.authentication.AnonymousAuthenticationFilter@27a0a5a2, org.springframework.security.web.session.SessionManagementFilter@5922ae77, org.springframework.security.web.access.ExceptionTranslationFilter@1a2e2935, org.springframework.security.web.access.intercept.FilterSecurityInterceptor@57a4d5ee]
2025-10-21 00:45:33.656  INFO 1084167 --- [           main] o.s.b.w.embedded.tomcat.TomcatWebServer  : Tomcat started on port(s): 8081 (http) with context path ''
2025-10-21 00:45:33.698  INFO 1084167 --- [           main] com.voicetotrace.Application             : Started Application in 16.296 seconds (JVM running for 19.083)
2025-10-21 00:46:32.683  INFO 1084167 --- [nio-8081-exec-2] o.a.c.c.C.[Tomcat].[localhost].[/]       : Initializing Spring DispatcherServlet 'dispatcherServlet'
2025-10-21 00:46:32.685  INFO 1084167 --- [nio-8081-exec-2] o.s.web.servlet.DispatcherServlet        : Initializing Servlet 'dispatcherServlet'
2025-10-21 00:46:32.694  INFO 1084167 --- [nio-8081-exec-2] o.s.web.servlet.DispatcherServlet        : Completed initialization in 8 ms
2025-10-21 00:47:02.766  INFO 1084167 --- [nio-8081-exec-3] org.mongodb.driver.connection            : Opened connection [connectionId{localValue:3, serverValue:36}] to localhost:27017
